[2026-05-06 02:00:02] ===== 历史覆盖任务开始 =====
[2026-05-06 02:00:02] [历史覆盖任务] 共读取到 12 个点位
[2026-05-06 02:00:02] [历史覆盖任务] 开始处理 site_id=6, site_name=泸定-燕子沟
[2026-05-06 02:00:06] [历史覆盖任务] site_id=6 原始历史小时条数=24
[2026-05-06 02:00:06] [历史覆盖任务] site_id=6 昨天小时条数=24
[2026-05-06 02:00:06] [历史覆盖任务] site_id=6 聚合后日表条数=1
[2026-05-06 02:00:06] [历史覆盖任务] site_id=6 历史覆盖成功，日期=2026-05-05，条数=1
[2026-05-06 02:00:06] [历史覆盖任务] 开始处理 site_id=7, site_name=周公山镇余家村
[2026-05-06 02:00:10] [历史覆盖任务] site_id=7 原始历史小时条数=24
[2026-05-06 02:00:10] [历史覆盖任务] site_id=7 昨天小时条数=24
[2026-05-06 02:00:10] [历史覆盖任务] site_id=7 聚合后日表条数=1
[2026-05-06 02:00:10] [历史覆盖任务] site_id=7 历史覆盖成功，日期=2026-05-05，条数=1
[2026-05-06 02:00:10] [历史覆盖任务] 开始处理 site_id=8, site_name=蒙顶山茶南部加工园
[2026-05-06 02:00:12] [历史覆盖任务] site_id=8 原始历史小时条数=24
[2026-05-06 02:00:12] [历史覆盖任务] site_id=8 昨天小时条数=24
[2026-05-06 02:00:12] [历史覆盖任务] site_id=8 聚合后日表条数=1
[2026-05-06 02:00:12] [历史覆盖任务] site_id=8 历史覆盖成功，日期=2026-05-05，条数=1
[2026-05-06 02:00:12] [历史覆盖任务] 开始处理 site_id=9, site_name=宝兴县五龙乡铁坪山村三组
[2026-05-06 02:00:14] [历史覆盖任务] site_id=9 原始历史小时条数=24
[2026-05-06 02:00:14] [历史覆盖任务] site_id=9 昨天小时条数=24
[2026-05-06 02:00:14] [历史覆盖任务] site_id=9 聚合后日表条数=1
[2026-05-06 02:00:14] [历史覆盖任务] site_id=9 历史覆盖成功，日期=2026-05-05，条数=1
[2026-05-06 02:00:14] [历史覆盖任务] 开始处理 site_id=10, site_name=成都市新都区长龙路
[2026-05-06 02:00:17] [历史覆盖任务] site_id=10 原始历史小时条数=24
[2026-05-06 02:00:17] [历史覆盖任务] site_id=10 昨天小时条数=24
[2026-05-06 02:00:17] [历史覆盖任务] site_id=10 聚合后日表条数=1
[2026-05-06 02:00:17] [历史覆盖任务] site_id=10 历史覆盖成功，日期=2026-05-05，条数=1
[2026-05-06 02:00:17] [历史覆盖任务] 开始处理 site_id=11, site_name=成都市新都区红花堰
[2026-05-06 02:00:18] [历史覆盖任务] site_id=11 原始历史小时条数=24
[2026-05-06 02:00:18] [历史覆盖任务] site_id=11 昨天小时条数=24
[2026-05-06 02:00:18] [历史覆盖任务] site_id=11 聚合后日表条数=1
[2026-05-06 02:00:18] [历史覆盖任务] site_id=11 历史覆盖成功，日期=2026-05-05，条数=1
[2026-05-06 02:00:18] [历史覆盖任务] 开始处理 site_id=12, site_name=泸定县燕子沟麻柳林村
[2026-05-06 02:00:20] [历史覆盖任务] site_id=12 原始历史小时条数=24
[2026-05-06 02:00:20] [历史覆盖任务] site_id=12 昨天小时条数=24
[2026-05-06 02:00:20] [历史覆盖任务] site_id=12 聚合后日表条数=1
[2026-05-06 02:00:20] [历史覆盖任务] site_id=12 历史覆盖成功，日期=2026-05-05，条数=1
[2026-05-06 02:00:20] [历史覆盖任务] 开始处理 site_id=13, site_name=泸定磨西镇蔡阳坪
[2026-05-06 02:00:21] [历史覆盖任务] site_id=13 原始历史小时条数=24
[2026-05-06 02:00:21] [历史覆盖任务] site_id=13 昨天小时条数=24
[2026-05-06 02:00:21] [历史覆盖任务] site_id=13 聚合后日表条数=1
[2026-05-06 02:00:21] [历史覆盖任务] site_id=13 历史覆盖成功，日期=2026-05-05，条数=1
[2026-05-06 02:00:21] [历史覆盖任务] 开始处理 site_id=14, site_name=泸定泸桥镇海子坪村
[2026-05-06 02:00:22] [历史覆盖任务] site_id=14 原始历史小时条数=24
[2026-05-06 02:00:22] [历史覆盖任务] site_id=14 昨天小时条数=24
[2026-05-06 02:00:22] [历史覆盖任务] site_id=14 聚合后日表条数=1
[2026-05-06 02:00:22] [历史覆盖任务] site_id=14 历史覆盖成功，日期=2026-05-05，条数=1
[2026-05-06 02:00:22] [历史覆盖任务] 开始处理 site_id=15, site_name=德宏农科所
[2026-05-06 02:00:22] [历史覆盖任务] site_id=15 原始历史小时条数=24
[2026-05-06 02:00:22] [历史覆盖任务] site_id=15 昨天小时条数=24
[2026-05-06 02:00:22] [历史覆盖任务] site_id=15 聚合后日表条数=1
[2026-05-06 02:00:23] [历史覆盖任务] site_id=15 历史覆盖成功，日期=2026-05-05，条数=1
[2026-05-06 02:00:23] [历史覆盖任务] 开始处理 site_id=16, site_name=德宏江东
[2026-05-06 02:00:23] [历史覆盖任务] site_id=16 原始历史小时条数=24
[2026-05-06 02:00:23] [历史覆盖任务] site_id=16 昨天小时条数=24
[2026-05-06 02:00:23] [历史覆盖任务] site_id=16 聚合后日表条数=1
[2026-05-06 02:00:23] [历史覆盖任务] site_id=16 历史覆盖成功，日期=2026-05-05，条数=1
[2026-05-06 02:00:23] [历史覆盖任务] 开始处理 site_id=17, site_name=德宏勐嘎
[2026-05-06 02:00:24] [历史覆盖任务] site_id=17 原始历史小时条数=24
[2026-05-06 02:00:24] [历史覆盖任务] site_id=17 昨天小时条数=24
[2026-05-06 02:00:24] [历史覆盖任务] site_id=17 聚合后日表条数=1
[2026-05-06 02:00:24] [历史覆盖任务] site_id=17 历史覆盖成功，日期=2026-05-05，条数=1
[2026-05-06 02:00:24] [历史覆盖任务] 所有点位执行完成
[2026-05-06 02:00:24] ===== 历史覆盖任务完成 =====
